<?xml version="1.0" encoding="UTF-8"?>
<testng-results skipped="0" failed="0" ignored="0" total="1" passed="1">
  <reporter-output>
  </reporter-output>
  <suite name="Default suite" duration-ms="2442" started-at="2019-12-17T07:35:06Z" finished-at="2019-12-17T07:35:08Z">
    <groups>
    </groups>
    <test name="Default test" duration-ms="2442" started-at="2019-12-17T07:35:06Z" finished-at="2019-12-17T07:35:08Z">
      <class name="com.edu.httpclient_demo.Submit">
        <test-method status="PASS" signature="Testsubmit()[pri:0, instance:com.edu.httpclient_demo.Submit@2b98378d]" name="Testsubmit" duration-ms="2397" started-at="2019-12-17T07:35:06Z" finished-at="2019-12-17T07:35:08Z">
          <reporter-output>
          </reporter-output>
        </test-method> <!-- Testsubmit -->
      </class> <!-- com.edu.httpclient_demo.Submit -->
    </test> <!-- Default test -->
  </suite> <!-- Default suite -->
</testng-results>
